<?xml version="1.0" encoding="UTF-8"?>
<!-- Generated by org.testng.reporters.JUnitReportReporter -->
<testsuite skipped="0" hostname="TubaK" name="test.CheckAndUncheckBoxesTest" tests="1" failures="0" timestamp="2022-08-29T17:48:24 CDT" time="17.611" errors="0">
  <testcase name="checkAndUncheckBoxes" time="17.611" classname="test.CheckAndUncheckBoxesTest"/>
  <system-out/>
</testsuite> <!-- test.CheckAndUncheckBoxesTest -->
