<?xml version="1.0" encoding="UTF-8"?>
<!-- Generated by org.testng.reporters.JUnitReportReporter -->
<testsuite skipped="0" hostname="TubaK" name="test.DownloadNewFileTest" tests="1" failures="0" timestamp="2022-08-29T15:57:13 CDT" time="6.759" errors="0">
  <testcase name="downloadFilecheck" time="6.759" classname="test.DownloadNewFileTest"/>
  <system-out/>
</testsuite> <!-- test.DownloadNewFileTest -->
