<?xml version="1.0" encoding="UTF-8"?>
<!-- Generated by org.testng.reporters.JUnitReportReporter -->
<testsuite skipped="0" hostname="TubaK" name="test.HoverOverTest" tests="1" failures="0" timestamp="2022-08-29T15:57:13 CDT" time="3.050" errors="0">
  <testcase name="hoverOver" time="3.050" classname="test.HoverOverTest"/>
  <system-out/>
</testsuite> <!-- test.HoverOverTest -->
