<?xml version="1.0" encoding="UTF-8"?>
<!-- Generated by org.testng.reporters.JUnitReportReporter -->
<testsuite skipped="0" hostname="TubaK" name="test.FloatingMenuTest" tests="1" failures="0" timestamp="2022-08-29T15:57:13 CDT" time="6.321" errors="0">
  <testcase name="flotingMenuCheck" time="6.321" classname="test.FloatingMenuTest"/>
  <system-out/>
</testsuite> <!-- test.FloatingMenuTest -->
