<?xml version="1.0" encoding="UTF-8"?>
<!-- Generated by org.testng.reporters.JUnitReportReporter -->
<testsuite skipped="0" hostname="TubaK" name="test.JavaScriptErrorTest" tests="1" failures="0" timestamp="2022-08-29T15:57:13 CDT" time="2.615" errors="0">
  <testcase name="javaScriptErrorCheck" time="2.615" classname="test.JavaScriptErrorTest"/>
  <system-out/>
</testsuite> <!-- test.JavaScriptErrorTest -->
